<?xml version="1.0" encoding="UTF-8" ?>
<testsuite tests="16" failures="0" name="models.AnimalTest" time="0.836" errors="1" skipped="0">
  <properties>
[...]
</properties>
  <testcase classname="models.AnimalTest" name="getTypeReturnsCorrectAnimalType" time="0.244"/>
  <testcase classname="models.AnimalTest" name="save_animalsAreSavedCorrectlyInDatabase" time="0.09"/>
  <testcase classname="models.AnimalTest" name="getNameReturnsCorrectName_String" time="0.008"/>
  <testcase classname="models.AnimalTest" name="saveAssignsIdToAnimal" time="0.034"/>
  <testcase classname="models.AnimalTest" name="saveThrowsExceptionIfNameNull_true" time="0.009"/>
  <testcase classname="models.AnimalTest" name="update_nameCannotBeNull" time="0.023"/>
  <testcase classname="models.AnimalTest" name="findSightingsReturnsSightingsRelatedToAnimalInstance_true" time="0.11"/>
  <testcase classname="models.AnimalTest" name="equals_returnsTrueIfNamesAreEqual" time="0.009"/>
  <testcase classname="models.AnimalTest" name="findByIdReturnsCorrectInstanceOfAnimal_true" time="0.035"/>
  <testcase classname="models.AnimalTest" name="update_throwsExceptionIfNameNull" time="0.022"/>
  <testcase classname="models.AnimalTest" name="deleteByIdDeletesCorrectAnimal_true" time="0.067"/>
  <testcase classname="models.AnimalTest" name="clearAllClearsAllInstances_true" time="0.062"/>
  <testcase classname="models.AnimalTest" name="AnimalInstantiatesCorrectly_true" time="0.008"/>
  <testcase classname="models.AnimalTest" name="allReturnsAllInstancesOfAnimal_true" time="0.061"/>
  <testcase classname="models.AnimalTest" name="saveCatchesExeptions_true" time="0.017">
    <error type="java.lang.NullPointerException">java.lang.NullPointerException
	at models.Animal.&lt;init&gt;(Animal.java:17)
	at models.AnimalTest.saveCatchesExeptions_true(AnimalTest.java:138)
	at java.base/jdk.internal.reflect.NativeMethodAccessorImpl.invoke0(Native Method)
	at java.base/jdk.internal.reflect.NativeMethodAccessorImpl.invoke(NativeMethodAccessorImpl.java:62)
	at java.base/jdk.internal.reflect.DelegatingMethodAccessorImpl.invoke(DelegatingMethodAccessorImpl.java:43)
	at java.base/java.lang.reflect.Method.invoke(Method.java:566)
	at org.junit.runners.model.FrameworkMethod$1.runReflectiveCall(FrameworkMethod.java:50)
	at org.junit.internal.runners.model.ReflectiveCallable.run(ReflectiveCallable.java:12)
	at org.junit.runners.model.FrameworkMethod.invokeExplosively(FrameworkMethod.java:47)
	at org.junit.internal.runners.statements.InvokeMethod.evaluate(InvokeMethod.java:17)
	at org.junit.rules.ExternalResource$1.evaluate(ExternalResource.java:48)
	at org.junit.rules.RunRules.evaluate(RunRules.java:20)
	at org.junit.runners.ParentRunner.runLeaf(ParentRunner.java:325)
	at org.junit.runners.BlockJUnit4ClassRunner.runChild(BlockJUnit4ClassRunner.java:78)
	at org.junit.runners.BlockJUnit4ClassRunner.runChild(BlockJUnit4ClassRunner.java:57)
	at org.junit.runners.ParentRunner$3.run(ParentRunner.java:290)
	at org.junit.runners.ParentRunner$1.schedule(ParentRunner.java:71)
	at org.junit.runners.ParentRunner.runChildren(ParentRunner.java:288)
	at org.junit.runners.ParentRunner.access$000(ParentRunner.java:58)
	at org.junit.runners.ParentRunner$2.evaluate(ParentRunner.java:268)
	at org.junit.runners.ParentRunner.run(ParentRunner.java:363)
	at org.apache.maven.surefire.junit4.JUnit4Provider.execute(JUnit4Provider.java:252)
	at org.apache.maven.surefire.junit4.JUnit4Provider.executeTestSet(JUnit4Provider.java:141)
	at org.apache.maven.surefire.junit4.JUnit4Provider.invoke(JUnit4Provider.java:112)
	at java.base/jdk.internal.reflect.NativeMethodAccessorImpl.invoke0(Native Method)
	at java.base/jdk.internal.reflect.NativeMethodAccessorImpl.invoke(NativeMethodAccessorImpl.java:62)
	at java.base/jdk.internal.reflect.DelegatingMethodAccessorImpl.invoke(DelegatingMethodAccessorImpl.java:43)
	at java.base/java.lang.reflect.Method.invoke(Method.java:566)
	at org.apache.maven.surefire.util.ReflectionUtils.invokeMethodWithArray(ReflectionUtils.java:189)
	at org.apache.maven.surefire.booter.ProviderFactory$ProviderProxy.invoke(ProviderFactory.java:165)
	at org.apache.maven.surefire.booter.ProviderFactory.invokeProvider(ProviderFactory.java:85)
	at org.apache.maven.surefire.booter.ForkedBooter.runSuitesInProcess(ForkedBooter.java:115)
	at org.apache.maven.surefire.booter.ForkedBooter.main(ForkedBooter.java:75)
</error>
  </testcase>
  <testcase classname="models.AnimalTest" name="updateAnimalInstanceIsUpdatedCorrectly_true" time="0.037"/>
</testsuite>